<?xml version="1.0" encoding="UTF-8"?>
<testsuite xmlns:xsi="http://www.w3.org/2001/XMLSchema-instance" xsi:noNamespaceSchemaLocation="https://maven.apache.org/surefire/maven-surefire-plugin/xsd/surefire-test-report-3.0.xsd" version="3.0" name="TestSuite" time="60.204" tests="3" errors="0" skipped="0" failures="0">
  <properties>
[...]
</properties>
  <testcase name="operation" classname="hrmLogin.LoginDemo" time="9.985">
    <system-err><![CDATA[[main] INFO io.github.bonigarcia.wdm.WebDriverManager - Reading https://api.github.com/repos/mozilla/geckodriver/releases to seek geckodriver
[main] INFO io.github.bonigarcia.wdm.WebDriverManager - Latest version of geckodriver is 0.32.0-linux
[main] INFO io.github.bonigarcia.wdm.WebDriverManager - No binary found for geckodriver 0.32.0-linux ... seeking another version
[main] INFO io.github.bonigarcia.wdm.WebDriverManager - Latest version of geckodriver is 0.31.0
[main] INFO io.github.bonigarcia.wdm.Downloader - Using binary driver previously downloaded
[main] INFO io.github.bonigarcia.wdm.WebDriverManager - Exporting webdriver.gecko.driver as C:\Users\Rama Krishna\.m2\repository\webdriver\geckodriver\win64\0.31.0\geckodriver.exe
1666274527204	geckodriver	INFO	Listening on 127.0.0.1:64615
1666274527955	mozrunner::runner	INFO	Running command: "C:\\Program Files\\Mozilla Firefox\\firefox.exe" "--marionette" "--remote-debugging-port" "59704" "--remote-allow-hosts" "localhost" "--remote-allow-origins" "http://127.0.0.1:59704/,http://localhost:59704/,http://[::1]:59704/" "-no-remote" "-profile" "C:\\Users\\RAMAKR~1\\AppData\\Local\\Temp\\rust_mozprofile3sPIZZ"
1666274528408	Marionette	INFO	Marionette enabled
1666274528413	Marionette	INFO	Listening on port 58722
WebDriver BiDi listening on ws://127.0.0.1:59704
Read port: 58722
1666274529991	RemoteAgent	WARN	TLS certificate errors will be ignored for this session
console.warn: SearchSettings: "get: No settings file exists, new profile?" (new NotFoundError("Could not open the file at C:\\Users\\RAMAKR~1\\AppData\\Local\\Temp\\rust_mozprofile3sPIZZ\\search.json.mozlz4", (void 0)))
DevTools listening on ws://127.0.0.1:59704/devtools/browser/28c8d762-5849-497c-8f94-416e996e8484
Oct 20, 2022 7:32:13 PM org.openqa.selenium.remote.ProtocolHandshake createSession
INFO: Detected upstream dialect: W3C
JavaScript error: resource://gre/modules/URIFixup.jsm, line 307: NS_ERROR_FAILURE: Should pass a non-null uri
console.warn: LoginRecipes: "Falling back to a synchronous message for: https://opensource-demo.orangehrmlive.com."
console.warn: LoginRecipes: "Falling back to a synchronous message for: https://opensource-demo.orangehrmlive.com."
]]></system-err>
  </testcase>
  <testcase name="operation" classname="hrmLogin.FacebookLogin" time="4.153">
    <system-err><![CDATA[1666274553189	RemoteAgent	INFO	Perform WebSocket upgrade for incoming connection from 127.0.0.1:58820
Oct 20, 2022 7:32:33 PM org.openqa.selenium.devtools.CdpVersionFinder findNearestMatch
INFO: Found exact CDP implementation for version 85
1666274553218	CDP	ERROR	Invalid browser preferences for CDP. Set "fission.webContentIsolationStrategy"to 0 and "fission.bfcacheInParent" to false before Firefox starts.
1666274553237	Marionette	INFO	Stopped listening on port 58722
[main] INFO io.github.bonigarcia.wdm.WebDriverManager - Exporting webdriver.chrome.driver as C:\Users\Rama Krishna\.m2\repository\webdriver\chromedriver\win32\106.0.5249.61\chromedriver.exe
Starting ChromeDriver 106.0.5249.61 (511755355844955cd3e264779baf0dd38212a4d0-refs/branch-heads/5249@{#569}) on port 55306
Only local connections are allowed.
Please see https://chromedriver.chromium.org/security-considerations for suggestions on keeping ChromeDriver safe.
ChromeDriver was started successfully.
Oct 20, 2022 7:32:38 PM org.openqa.selenium.remote.ProtocolHandshake createSession
INFO: Detected upstream dialect: W3C
Oct 20, 2022 7:32:38 PM org.openqa.selenium.devtools.CdpVersionFinder findNearestMatch
INFO: Found exact CDP implementation for version 106
]]></system-err>
  </testcase>
  <testcase name="validation" classname="hrmLogin.FacebookLogin" time="17.699"/>
</testsuite>