<?xml version="1.0" encoding="UTF-8"?>
<testng-results skipped="0" failed="0" ignored="0" total="3" passed="3">
  <reporter-output>
  </reporter-output>
  <suite name="Suite" duration-ms="59850" started-at="2022-10-20T14:02:04Z" finished-at="2022-10-20T14:03:04Z">
    <groups>
    </groups>
    <test name="Test" duration-ms="30195" started-at="2022-10-20T14:02:04Z" finished-at="2022-10-20T14:02:34Z">
      <class name="hrmLogin.LoginDemo">
        <test-method status="PASS" signature="launchBrowser()[pri:0, instance:hrmLogin.LoginDemo@59f99ea]" name="launchBrowser" is-config="true" duration-ms="18618" started-at="2022-10-20T14:02:04Z" finished-at="2022-10-20T14:02:23Z">
          <reporter-output>
          </reporter-output>
        </test-method> <!-- launchBrowser -->
        <test-method status="PASS" signature="operation()[pri:0, instance:hrmLogin.LoginDemo@59f99ea]" name="operation" duration-ms="9982" started-at="2022-10-20T14:02:23Z" finished-at="2022-10-20T14:02:33Z">
          <reporter-output>
          </reporter-output>
        </test-method> <!-- operation -->
        <test-method status="PASS" signature="teardown()[pri:0, instance:hrmLogin.LoginDemo@59f99ea]" name="teardown" is-config="true" duration-ms="1580" started-at="2022-10-20T14:02:33Z" finished-at="2022-10-20T14:02:34Z">
          <reporter-output>
          </reporter-output>
        </test-method> <!-- teardown -->
      </class> <!-- hrmLogin.LoginDemo -->
    </test> <!-- Test -->
    <test name="Test1" duration-ms="29633" started-at="2022-10-20T14:02:34Z" finished-at="2022-10-20T14:03:04Z">
      <class name="hrmLogin.FacebookLogin">
        <test-method status="PASS" signature="launchBrowser()[pri:0, instance:hrmLogin.FacebookLogin@146ba0ac]" name="launchBrowser" is-config="true" duration-ms="7526" started-at="2022-10-20T14:02:34Z" finished-at="2022-10-20T14:02:42Z">
          <reporter-output>
          </reporter-output>
        </test-method> <!-- launchBrowser -->
        <test-method status="PASS" signature="operation()[pri:0, instance:hrmLogin.FacebookLogin@146ba0ac]" name="operation" duration-ms="4152" started-at="2022-10-20T14:02:42Z" finished-at="2022-10-20T14:02:46Z">
          <reporter-output>
          </reporter-output>
        </test-method> <!-- operation -->
        <test-method status="PASS" signature="validation()[pri:0, instance:hrmLogin.FacebookLogin@146ba0ac]" name="validation" duration-ms="17699" started-at="2022-10-20T14:02:46Z" finished-at="2022-10-20T14:03:04Z">
          <reporter-output>
          </reporter-output>
        </test-method> <!-- validation -->
        <test-method status="PASS" signature="teardown()[pri:0, instance:hrmLogin.FacebookLogin@146ba0ac]" name="teardown" is-config="true" duration-ms="253" started-at="2022-10-20T14:03:04Z" finished-at="2022-10-20T14:03:04Z">
          <reporter-output>
          </reporter-output>
        </test-method> <!-- teardown -->
      </class> <!-- hrmLogin.FacebookLogin -->
    </test> <!-- Test1 -->
  </suite> <!-- Suite -->
</testng-results>
