<?xml version="1.0" encoding="UTF-8"?>
<testng-results skipped="0" failed="0" ignored="0" total="2" passed="2">
  <reporter-output>
  </reporter-output>
  <suite name="Default suite" duration-ms="64405" started-at="2022-11-02T17:34:38Z" finished-at="2022-11-02T17:35:42Z">
    <groups>
    </groups>
    <test name="Default test" duration-ms="64405" started-at="2022-11-02T17:34:38Z" finished-at="2022-11-02T17:35:42Z">
      <class name="hrmLogin.FacebookLogin">
        <test-method status="PASS" signature="launchBrowser()[pri:0, instance:hrmLogin.FacebookLogin@60c6f5b]" name="launchBrowser" is-config="true" duration-ms="32715" started-at="2022-11-02T17:34:38Z" finished-at="2022-11-02T17:35:10Z">
          <reporter-output>
          </reporter-output>
        </test-method> <!-- launchBrowser -->
        <test-method status="PASS" signature="operation()[pri:0, instance:hrmLogin.FacebookLogin@60c6f5b]" name="operation" duration-ms="4180" started-at="2022-11-02T17:35:10Z" finished-at="2022-11-02T17:35:15Z">
          <reporter-output>
          </reporter-output>
        </test-method> <!-- operation -->
        <test-method status="PASS" signature="validation()[pri:0, instance:hrmLogin.FacebookLogin@60c6f5b]" name="validation" duration-ms="27152" started-at="2022-11-02T17:35:15Z" finished-at="2022-11-02T17:35:42Z">
          <reporter-output>
          </reporter-output>
        </test-method> <!-- validation -->
        <test-method status="PASS" signature="teardown()[pri:0, instance:hrmLogin.FacebookLogin@60c6f5b]" name="teardown" is-config="true" duration-ms="250" started-at="2022-11-02T17:35:42Z" finished-at="2022-11-02T17:35:42Z">
          <reporter-output>
          </reporter-output>
        </test-method> <!-- teardown -->
      </class> <!-- hrmLogin.FacebookLogin -->
    </test> <!-- Default test -->
  </suite> <!-- Default suite -->
</testng-results>
